
> ts-reader@1.0.0 build /home/tobi/workspace/inferium/extras/ts-reader
> tsc -p .

Install package-json into /tmp/inferium
Done.

Search types...
Look into <inf>/package-json
Look into <inf>/got
Look into /
=> Couldn't find @sindresorhus/is! Skip!
Look into <inf>/cacheable-request
Look into <inf>/clone-response
Look into <inf>/mimic-response
Look into <inf>/get-stream
Look into <inf>/http-cache-semantics
Look into <inf>/keyv
Look into <inf>/json-buffer
Look into <inf>/cacheable-request/node_modules/lowercase-keys
Look into <inf>/normalize-url
Look into <inf>/prepend-http
Look into <inf>/query-string
Look into <inf>/decode-uri-component
Look into <inf>/object-assign
Look into <inf>/strict-uri-encode
Look into <inf>/sort-keys
Look into <inf>/is-plain-obj
Look into <inf>/responselike
Look into <inf>/lowercase-keys
Look into <inf>/decompress-response
Look into <inf>/mimic-response
Look into <inf>/duplexer3
Look into <inf>/get-stream
Look into <inf>/into-stream
Look into <inf>/from2
Look into <inf>/inherits
Look into <inf>/readable-stream
Look into <inf>/core-util-is
Look into <inf>/inherits
Look into <inf>/isarray
Look into <inf>/process-nextick-args
Look into <inf>/safe-buffer
Look into <inf>/util-deprecate
Look into <inf>/p-is-promise
Look into <inf>/is-retry-allowed
Look into <inf>/isurl
Look into <inf>/has-to-string-tag-x
Look into <inf>/has-symbol-support-x
Look into <inf>/is-object
Look into <inf>/lowercase-keys
Look into <inf>/mimic-response
Look into <inf>/p-cancelable
Look into <inf>/p-timeout
Look into <inf>/p-finally
Look into <inf>/pify
Look into <inf>/safe-buffer
Look into <inf>/timed-out
Look into <inf>/url-parse-lax
Look into <inf>/prepend-http
Look into <inf>/url-to-options
Look into <inf>/registry-auth-token
Look into <inf>/rc
Look into <inf>/deep-extend
Look into <inf>/ini
Look into <inf>/minimist
Look into <inf>/strip-json-comments
Look into <inf>/safe-buffer
Look into <inf>/registry-url
Look into <inf>/rc
Look into <inf>/semver
Install types for got
Install types for 
=> not found
Install types for cacheable-request
=> not found
Install types for clone-response
=> not found
Install types for mimic-response
=> not found
Install types for get-stream
Install types for http-cache-semantics
=> not found
Install types for keyv
Install types for json-buffer
=> not found
Install types for lowercase-keys
=> not found
Install types for normalize-url
Install types for prepend-http
=> not found
Install types for query-string
Install types for decode-uri-component
=> not found
Install types for object-assign
Install types for strict-uri-encode
Install types for sort-keys
=> not found
Install types for is-plain-obj
=> not found
Install types for responselike
=> not found
Install types for lowercase-keys
=> not found
Install types for decompress-response
Install types for duplexer3
Install types for into-stream
Install types for from2
Install types for inherits
Install types for readable-stream
=> not found
Install types for core-util-is
=> not found
Install types for isarray
=> not found
Install types for process-nextick-args
=> not found
Install types for safe-buffer
=> not found
Install types for util-deprecate
Install types for p-is-promise
=> not found
Install types for is-retry-allowed
=> not found
Install types for isurl
=> not found
Install types for has-to-string-tag-x
=> not found
Install types for has-symbol-support-x
=> not found
Install types for is-object
Install types for p-cancelable
Install types for p-timeout
Install types for p-finally
=> not found
Install types for pify
Install types for timed-out
=> not found
Install types for url-parse-lax
=> not found
Install types for url-to-options
=> not found
Install types for registry-auth-token
Install types for rc
Install types for deep-extend
Install types for ini
Install types for minimist
Install types for strip-json-comments
Install types for registry-url
=> not found
Install types for semver
Force installation of node types...
Install types for node
Done.

Gather types...
File: <inf>/package-json/_inferium_gather.ts
Gather types for 52 packages:
=> got, , cacheable-request, clone-response, mimic-response, get-stream, http-cache-semantics, keyv, json-buffer, lowercase-keys, normalize-url, prepend-http, query-string, decode-uri-component, object-assign, strict-uri-encode, sort-keys, is-plain-obj, responselike, lowercase-keys, decompress-response, duplexer3, into-stream, from2, inherits, readable-stream, core-util-is, isarray, process-nextick-args, safe-buffer, util-deprecate, p-is-promise, is-retry-allowed, isurl, has-to-string-tag-x, has-symbol-support-x, is-object, p-cancelable, p-timeout, p-finally, pify, timed-out, url-parse-lax, url-to-options, registry-auth-token, rc, deep-extend, ini, minimist, strip-json-comments, registry-url, semver 

Write gather file
Done.

Analyse program
Done.

global: global
imported: _inferium_import_0, _inferium_import_1, _inferium_import_2, _inferium_import_3, _inferium_import_4, _inferium_import_5, _inferium_import_6, _inferium_import_7, _inferium_import_8, _inferium_import_9, _inferium_import_10, _inferium_import_11, _inferium_import_12, _inferium_import_13, _inferium_import_14, _inferium_import_15, _inferium_import_16, _inferium_import_17, _inferium_import_18, _inferium_import_19, _inferium_import_20, _inferium_import_21, _inferium_import_22, _inferium_import_23, _inferium_import_24, _inferium_import_25, _inferium_import_26, _inferium_import_27, _inferium_import_28, _inferium_import_29, _inferium_import_30, _inferium_import_31, _inferium_import_32, _inferium_import_33, _inferium_import_34, _inferium_import_35, _inferium_import_36, _inferium_import_37, _inferium_import_38, _inferium_import_39, _inferium_import_40, _inferium_import_41, _inferium_import_42, _inferium_import_43, _inferium_import_44, _inferium_import_45, _inferium_import_46, _inferium_import_47, _inferium_import_48, _inferium_import_49, _inferium_import_50, _inferium_import_51
ambient modules: "inspector", "buffer", "querystring", "events", "http", "cluster", "zlib", "os", "https", "punycode", "repl", "readline", "vm", "child_process", "url", "dns", "net", "dgram", "fs", "path", "string_decoder", "tls", "crypto", "stream", "util", "assert", "tty", "domain", "constants", "module", "process", "v8", "timers", "console", "async_hooks", "http2", "perf_hooks", "safe-buffer"

Incorporated files:
=> <org>/extras/ts-reader/node_modules/typescript/lib/lib.d.ts
=> <inf>/@types/node/inspector.d.ts
=> <inf>/@types/node/index.d.ts
=> <inf>/@types/got/index.d.ts
=> <inf>/@types/get-stream/index.d.ts
=> <inf>/@types/keyv/index.d.ts
=> <inf>/@types/normalize-url/index.d.ts
=> <inf>/@types/query-string/index.d.ts
=> <inf>/@types/object-assign/index.d.ts
=> <inf>/@types/strict-uri-encode/index.d.ts
=> <inf>/@types/decompress-response/index.d.ts
=> <inf>/@types/duplexer3/index.d.ts
=> <inf>/@types/into-stream/index.d.ts
=> <inf>/@types/from2/index.d.ts
=> <inf>/@types/inherits/index.d.ts
=> <inf>/safe-buffer/index.d.ts
=> <inf>/@types/util-deprecate/index.d.ts
=> <inf>/@types/is-object/index.d.ts
=> <inf>/@types/p-cancelable/index.d.ts
=> <inf>/@types/p-timeout/index.d.ts
=> <inf>/@types/pify/index.d.ts
=> <inf>/@types/registry-auth-token/index.d.ts
=> <inf>/@types/rc/index.d.ts
=> <inf>/@types/deep-extend/index.d.ts
=> <inf>/@types/ini/index.d.ts
=> <inf>/@types/minimist/index.d.ts
=> <inf>/@types/strip-json-comments/index.d.ts
=> <inf>/@types/semver/index.d.ts
=> <inf>/package-json/_inferium_gather.ts

Resolve got
Resolve 
Resolve cacheable-request
Resolve clone-response
Resolve mimic-response
Resolve get-stream
Resolve http-cache-semantics
Resolve keyv
Resolve json-buffer
Resolve lowercase-keys
Resolve normalize-url
Resolve prepend-http
Resolve query-string
Resolve decode-uri-component
Resolve object-assign
Resolve strict-uri-encode
Resolve sort-keys
Resolve is-plain-obj
Resolve responselike
Resolve lowercase-keys
Resolve decompress-response
Resolve duplexer3
Resolve into-stream
Resolve from2
Resolve inherits
Resolve readable-stream
Resolve core-util-is
Resolve isarray
Resolve process-nextick-args
Resolve safe-buffer
Resolve util-deprecate
Resolve p-is-promise
Resolve is-retry-allowed
Resolve isurl
Resolve has-to-string-tag-x
Resolve has-symbol-support-x
Resolve is-object
Resolve p-cancelable
Resolve p-timeout
Resolve p-finally
Resolve pify
Resolve timed-out
Resolve url-parse-lax
Resolve url-to-options
Resolve registry-auth-token
Resolve rc
Resolve deep-extend
Resolve ini
Resolve minimist
Resolve strip-json-comments
Resolve registry-url
Resolve semver
Done.

Write result to /tmp/inferium/result.json
Done.
[info] Loading settings from idea.sbt ...
[info] Loading global plugins from /home/tobi/.sbt/1.0/plugins
[info] Loading settings from plugins.sbt ...
[info] Loading project definition from /home/tobi/workspace/inferium/project
[info] Loading settings from build.sbt ...
[info] Set current project to inferium (in build file:/home/tobi/workspace/inferium/)
[info] Running (fork) inferium.CliMain /tmp/inferium/node_modules/package-json /tmp/inferium/result.json
[info] ======= Inferium - Tobias Kahlert ======
[info] MainScript: /tmp/inferium/node_modules/package-json
[info] TypesFile:  /tmp/inferium/result.json
[info] ======= Get Prelude ======
[info] Prelude contains following types:
[info] "module", "timers", "https", "zlib", "fs", "assert", is-object, "dgram", "async_hooks", ini, "url", "dns", "http", "string_decoder", "querystring", "events", "os", strip-json-comments, "util", minimist, registry-auth-token, "constants", "punycode", "readline", "perf_hooks", deep-extend, into-stream, p-timeout, semver, "buffer", "domain", "tty", strict-uri-encode, "child_process", p-cancelable, from2, "crypto", duplexer3, query-string, "inspector", "stream", object-assign, pify, keyv, get-stream, util-deprecate, safe-buffer, "process", inherits, decompress-response, "path", "v8", "http2", "cluster", normalize-url, "tls", "net", rc, "safe-buffer", "repl", "console", "vm"
[info] ======= Initialize ======
[info] Done.
[info] ======= Analysing =======
[info] Parse module '/tmp/inferium/node_modules/package-json/./index.js'
[info] Done Parsing module.
[info] Found None
[error] Exception in thread "main" inferium.dataflow.BuildException: (27:26): Internal builder problem: scala.MatchError: escalima.ast.TemplateLiteral@17a756db (of class escalima.ast.TemplateLiteral)
[error] 	at inferium.dataflow.BuildException$.enrich(BuildException.scala:35)
[error] 	at inferium.dataflow.GraphBuilder$FunctionBuilder$BlockBuilder.buildExpression(GraphBuilder.scala:286)
[error] 	at inferium.dataflow.GraphBuilder$FunctionBuilder$BlockBuilder.buildExpr$1(GraphBuilder.scala:687)
[error] 	at inferium.dataflow.GraphBuilder$FunctionBuilder$BlockBuilder.$anonfun$buildAssignment$1(GraphBuilder.scala:688)
[error] 	at scala.Option.map(Option.scala:146)
[error] 	at inferium.dataflow.GraphBuilder$FunctionBuilder$BlockBuilder.initGraph$1(GraphBuilder.scala:688)
[error] 	at inferium.dataflow.GraphBuilder$FunctionBuilder$BlockBuilder.buildAssignment(GraphBuilder.scala:695)
[error] 	at inferium.dataflow.GraphBuilder$FunctionBuilder$BlockBuilder.$anonfun$buildExpression$1(GraphBuilder.scala:352)
[error] 	at inferium.dataflow.BuildException$.enrich(BuildException.scala:28)
[error] 	at inferium.dataflow.GraphBuilder$FunctionBuilder$BlockBuilder.buildExpression(GraphBuilder.scala:286)
[error] 	at inferium.dataflow.GraphBuilder$FunctionBuilder$BlockBuilder.$anonfun$buildStatement$1(GraphBuilder.scala:821)
[error] 	at inferium.dataflow.BuildException$.enrich(BuildException.scala:28)
[error] 	at inferium.dataflow.GraphBuilder$FunctionBuilder$BlockBuilder.buildStatement(GraphBuilder.scala:731)
[error] 	at inferium.dataflow.GraphBuilder$FunctionBuilder$BlockBuilder.$anonfun$build$3(GraphBuilder.scala:1080)
[error] 	at inferium.dataflow.GraphBuilder$FunctionBuilder$BlockBuilder.$anonfun$build$3$adapted(GraphBuilder.scala:1061)
[error] 	at scala.collection.mutable.ResizableArray.foreach(ResizableArray.scala:59)
[error] 	at scala.collection.mutable.ResizableArray.foreach$(ResizableArray.scala:52)
[error] 	at scala.collection.mutable.ArrayBuffer.foreach(ArrayBuffer.scala:48)
[error] 	at inferium.dataflow.GraphBuilder$FunctionBuilder$BlockBuilder.build(GraphBuilder.scala:1061)
[error] 	at inferium.dataflow.GraphBuilder$FunctionBuilder$BlockBuilder.buildInnerBlock(GraphBuilder.scala:1042)
[error] 	at inferium.dataflow.GraphBuilder$FunctionBuilder$BlockBuilder.$anonfun$buildStatement$1(GraphBuilder.scala:799)
[error] 	at inferium.dataflow.BuildException$.enrich(BuildException.scala:28)
[error] 	at inferium.dataflow.GraphBuilder$FunctionBuilder$BlockBuilder.buildStatement(GraphBuilder.scala:731)
[error] 	at inferium.dataflow.GraphBuilder$FunctionBuilder$BlockBuilder.$anonfun$build$3(GraphBuilder.scala:1080)
[error] 	at inferium.dataflow.GraphBuilder$FunctionBuilder$BlockBuilder.$anonfun$build$3$adapted(GraphBuilder.scala:1061)
[error] 	at scala.collection.immutable.List.foreach(List.scala:389)
[error] 	at inferium.dataflow.GraphBuilder$FunctionBuilder$BlockBuilder.build(GraphBuilder.scala:1061)
[error] 	at inferium.dataflow.GraphBuilder$FunctionBuilder$BlockBuilder.buildInnerBlock(GraphBuilder.scala:1042)
[error] 	at inferium.dataflow.GraphBuilder$FunctionBuilder$BlockBuilder.$anonfun$buildStatement$1(GraphBuilder.scala:861)
[error] 	at inferium.dataflow.BuildException$.enrich(BuildException.scala:28)
[error] 	at inferium.dataflow.GraphBuilder$FunctionBuilder$BlockBuilder.buildStatement(GraphBuilder.scala:731)
[error] 	at inferium.dataflow.GraphBuilder$FunctionBuilder$BlockBuilder.$anonfun$build$3(GraphBuilder.scala:1080)
[error] 	at inferium.dataflow.GraphBuilder$FunctionBuilder$BlockBuilder.$anonfun$build$3$adapted(GraphBuilder.scala:1061)
[error] 	at scala.collection.mutable.ResizableArray.foreach(ResizableArray.scala:59)
[error] 	at scala.collection.mutable.ResizableArray.foreach$(ResizableArray.scala:52)
[error] 	at scala.collection.mutable.ArrayBuffer.foreach(ArrayBuffer.scala:48)
[error] 	at inferium.dataflow.GraphBuilder$FunctionBuilder$BlockBuilder.build(GraphBuilder.scala:1061)
[error] 	at inferium.dataflow.GraphBuilder$FunctionBuilder.buildFunctionBody(GraphBuilder.scala:1167)
[error] 	at inferium.dataflow.GraphBuilder$FunctionBuilder.buildFunctionAsScript(GraphBuilder.scala:1181)
[error] 	at inferium.dataflow.GraphBuilder$FunctionTemplate.asAnalysable(GraphBuilder.scala:1216)
[error] 	at inferium.dataflow.NodeModuleAnalysis$FunctionAnalyser.<init>(NodeModuleAnalysis.scala:73)
[error] 	at inferium.dataflow.NodeModuleAnalysis$Inspector.$anonfun$inspectObject$1(NodeModuleAnalysis.scala:255)
[error] 	at scala.collection.mutable.HashMap.getOrElseUpdate(HashMap.scala:82)
[error] 	at inferium.dataflow.NodeModuleAnalysis$Inspector.inspectObject(NodeModuleAnalysis.scala:252)
[error] 	at inferium.dataflow.NodeModuleAnalysis$Inspector.inspectEntity(NodeModuleAnalysis.scala:229)
[error] 	at inferium.dataflow.NodeModuleAnalysis.runAnalysis(NodeModuleAnalysis.scala:186)
[error] 	at inferium.CliMain$.main(CliMain.scala:124)
[error] 	at inferium.CliMain.main(CliMain.scala)
[error] Caused by: scala.MatchError: escalima.ast.TemplateLiteral@17a756db (of class escalima.ast.TemplateLiteral)
[error] 	at inferium.dataflow.GraphBuilder$FunctionBuilder$BlockBuilder.$anonfun$buildExpression$1(GraphBuilder.scala:573)
[error] 	at inferium.dataflow.BuildException$.enrich(BuildException.scala:28)
[error] 	... 47 more
[error] java.lang.RuntimeException: Nonzero exit code returned from runner: 1
[error] 	at sbt.ForkRun.processExitCode$1(Run.scala:33)
[error] 	at sbt.ForkRun.run(Run.scala:42)
[error] 	at sbt.Defaults$.$anonfun$bgRunTask$5(Defaults.scala:1172)
[error] 	at sbt.Defaults$.$anonfun$bgRunTask$5$adapted(Defaults.scala:1167)
[error] 	at sbt.internal.BackgroundThreadPool.$anonfun$run$1(DefaultBackgroundJobService.scala:366)
[error] 	at scala.runtime.java8.JFunction0$mcV$sp.apply(JFunction0$mcV$sp.java:12)
[error] 	at scala.util.Try$.apply(Try.scala:209)
[error] 	at sbt.internal.BackgroundThreadPool$BackgroundRunnable.run(DefaultBackgroundJobService.scala:289)
[error] 	at java.util.concurrent.ThreadPoolExecutor.runWorker(ThreadPoolExecutor.java:1149)
[error] 	at java.util.concurrent.ThreadPoolExecutor$Worker.run(ThreadPoolExecutor.java:624)
[error] 	at java.lang.Thread.run(Thread.java:748)
[error] (cli / Compile / run) Nonzero exit code returned from runner: 1
[error] Total time: 3 s, completed Jul 29, 2018 7:34:51 PM
