
> ts-reader@1.0.0 build /home/tobi/workspace/inferium/extras/ts-reader
> tsc -p .

Install impress into /tmp/inferium
Done.

Search types...
Look into <inf>/impress
Look into <inf>/accept-language
Look into <inf>/bcp47
Look into <inf>/stable
Look into <inf>/argon2
Look into /
=> Couldn't find @phc/format! Skip!
Look into <inf>/any-promise
Look into <inf>/bindings
Look into <inf>/nan
Look into <inf>/concolor
Look into <inf>/csv
Look into <inf>/csv-generate
Look into <inf>/csv-parse
Look into <inf>/csv-stringify
Look into <inf>/lodash.get
Look into <inf>/stream-transform
Look into <inf>/globalstorage
Look into <inf>/globalstorage/node_modules/metarhia-common
Look into <inf>/metarhia-jstp
Look into <inf>/semver
Look into <inf>/uuid
Look into <inf>/websocket
Look into <inf>/debug
Look into <inf>/ms
Look into <inf>/nan
Look into <inf>/typedarray-to-buffer
Look into <inf>/is-typedarray
Look into <inf>/yaeti
Look into <inf>/metasync
Look into <inf>/metasync/node_modules/metarhia-common
Look into <inf>/mkdirp
Look into <inf>/minimist
Look into <inf>/iconv-lite
Look into <inf>/safer-buffer
Look into <inf>/metalog
Look into <inf>/concolor
Look into <inf>/metalog/node_modules/metarhia-common
Look into <inf>/metarhia-common
Look into <inf>/metarhia-jstp
Look into <inf>/metaschema
Look into <inf>/metaschema/node_modules/metarhia-common
Look into <inf>/metasync
Look into <inf>/metasync
Look into <inf>/mkdirp
Look into <inf>/multiparty
Look into <inf>/fd-slicer
Look into <inf>/pend
Look into <inf>/safe-buffer
Look into <inf>/ncp
Look into <inf>/sandboxed-fs
Look into <inf>/uglify-js
Look into <inf>/commander
Look into <inf>/source-map
Look into <inf>/websocket
Look into <inf>/zip-stream
Look into <inf>/archiver-utils
Look into <inf>/glob
Look into <inf>/fs.realpath
Look into <inf>/inflight
Look into <inf>/once
Look into <inf>/wrappy
Look into <inf>/wrappy
Look into <inf>/inherits
Look into <inf>/minimatch
Look into <inf>/brace-expansion
Look into <inf>/balanced-match
Look into <inf>/concat-map
Look into <inf>/once
Look into <inf>/path-is-absolute
Look into <inf>/graceful-fs
Look into <inf>/lazystream
Look into <inf>/readable-stream
Look into <inf>/core-util-is
Look into <inf>/inherits
Look into <inf>/isarray
Look into <inf>/process-nextick-args
Look into <inf>/safe-buffer
Look into <inf>/util-deprecate
Look into <inf>/lodash
Look into <inf>/normalize-path
Look into <inf>/remove-trailing-separator
Look into <inf>/readable-stream
Look into <inf>/compress-commons
Look into <inf>/buffer-crc32
Look into <inf>/crc32-stream
Look into <inf>/crc
Look into <inf>/readable-stream
Look into <inf>/normalize-path
Look into <inf>/readable-stream
Look into <inf>/lodash
Look into <inf>/readable-stream
Install types for accept-language
=> not found
Install types for bcp47
=> not found
Install types for stable
=> not found
Install types for argon2
Install types for 
=> not found
Install types for any-promise
=> not found
Install types for bindings
Install types for nan
=> not found
Install types for concolor
=> not found
Install types for csv
=> not found
Install types for csv-generate
=> not found
Install types for csv-parse
Install types for csv-stringify
Install types for lodash.get
Install types for stream-transform
=> not found
Install types for globalstorage
=> not found
Install types for metarhia-common
=> not found
Install types for metarhia-jstp
=> not found
Install types for semver
Install types for uuid
Install types for websocket
Install types for debug
Install types for ms
Install types for typedarray-to-buffer
=> not found
Install types for is-typedarray
=> not found
Install types for yaeti
=> not found
Install types for metasync
=> not found
Install types for metarhia-common
=> not found
Install types for mkdirp
Install types for minimist
Install types for iconv-lite
Install types for safer-buffer
=> not found
Install types for metalog
=> not found
Install types for metarhia-common
=> not found
Install types for metarhia-common
=> not found
Install types for metaschema
=> not found
Install types for metarhia-common
=> not found
Install types for multiparty
Install types for fd-slicer
=> not found
Install types for pend
=> not found
Install types for safe-buffer
=> not found
Install types for ncp
Install types for sandboxed-fs
=> not found
Install types for uglify-js
Install types for commander
Install types for source-map
Install types for zip-stream
=> not found
Install types for archiver-utils
=> not found
Install types for glob
Install types for fs.realpath
=> not found
Install types for inflight
=> not found
Install types for once
Install types for wrappy
=> not found
Install types for inherits
Install types for minimatch
Install types for brace-expansion
Install types for balanced-match
=> not found
Install types for concat-map
=> not found
Install types for path-is-absolute
Install types for graceful-fs
Install types for lazystream
=> not found
Install types for readable-stream
=> not found
Install types for core-util-is
=> not found
Install types for isarray
=> not found
Install types for process-nextick-args
=> not found
Install types for util-deprecate
Install types for lodash
Install types for normalize-path
=> not found
Install types for remove-trailing-separator
=> not found
Install types for compress-commons
=> not found
Install types for buffer-crc32
=> not found
Install types for crc32-stream
=> not found
Install types for crc
Force installation of node types...
Install types for node
Done.

Gather types...
File: <inf>/impress/_inferium_gather.ts
Gather types for 73 packages:
=> accept-language, bcp47, stable, argon2, , any-promise, bindings, nan, concolor, csv, csv-generate, csv-parse, csv-stringify, lodash.get, stream-transform, globalstorage, metarhia-common, metarhia-jstp, semver, uuid, websocket, debug, ms, typedarray-to-buffer, is-typedarray, yaeti, metasync, metarhia-common, mkdirp, minimist, iconv-lite, safer-buffer, metalog, metarhia-common, metarhia-common, metaschema, metarhia-common, multiparty, fd-slicer, pend, safe-buffer, ncp, sandboxed-fs, uglify-js, commander, source-map, zip-stream, archiver-utils, glob, fs.realpath, inflight, once, wrappy, inherits, minimatch, brace-expansion, balanced-match, concat-map, path-is-absolute, graceful-fs, lazystream, readable-stream, core-util-is, isarray, process-nextick-args, util-deprecate, lodash, normalize-path, remove-trailing-separator, compress-commons, buffer-crc32, crc32-stream, crc 

Write gather file
Done.

Analyse program
Done.

global: global
imported: _inferium_import_0, _inferium_import_1, _inferium_import_2, _inferium_import_3, _inferium_import_4, _inferium_import_5, _inferium_import_6, _inferium_import_7, _inferium_import_8, _inferium_import_9, _inferium_import_10, _inferium_import_11, _inferium_import_12, _inferium_import_13, _inferium_import_14, _inferium_import_15, _inferium_import_16, _inferium_import_17, _inferium_import_18, _inferium_import_19, _inferium_import_20, _inferium_import_21, _inferium_import_22, _inferium_import_23, _inferium_import_24, _inferium_import_25, _inferium_import_26, _inferium_import_27, _inferium_import_28, _inferium_import_29, _inferium_import_30, _inferium_import_31, _inferium_import_32, _inferium_import_33, _inferium_import_34, _inferium_import_35, _inferium_import_36, _inferium_import_37, _inferium_import_38, _inferium_import_39, _inferium_import_40, _inferium_import_41, _inferium_import_42, _inferium_import_43, _inferium_import_44, _inferium_import_45, _inferium_import_46, _inferium_import_47, _inferium_import_48, _inferium_import_49, _inferium_import_50, _inferium_import_51, _inferium_import_52, _inferium_import_53, _inferium_import_54, _inferium_import_55, _inferium_import_56, _inferium_import_57, _inferium_import_58, _inferium_import_59, _inferium_import_60, _inferium_import_61, _inferium_import_62, _inferium_import_63, _inferium_import_64, _inferium_import_65, _inferium_import_66, _inferium_import_67, _inferium_import_68, _inferium_import_69, _inferium_import_70, _inferium_import_71, _inferium_import_72
ambient modules: "accept-language", "inspector", "buffer", "querystring", "events", "http", "cluster", "zlib", "os", "https", "punycode", "repl", "readline", "vm", "child_process", "url", "dns", "net", "dgram", "fs", "path", "string_decoder", "tls", "crypto", "stream", "util", "assert", "tty", "domain", "constants", "module", "process", "v8", "timers", "console", "async_hooks", "http2", "perf_hooks", "safe-buffer"

Incorporated files:
=> <org>/extras/ts-reader/node_modules/typescript/lib/lib.d.ts
=> <inf>/accept-language/Library/Typings.d.ts
=> <inf>/stable/index.d.ts
=> <inf>/@types/events/index.d.ts
=> <inf>/@types/node/inspector.d.ts
=> <inf>/@types/node/index.d.ts
=> <inf>/argon2/argon2.d.ts
=> <inf>/any-promise/index.d.ts
=> <inf>/@types/bindings/index.d.ts
=> <inf>/csv-parse/lib/index.d.ts
=> <inf>/@types/csv-stringify/index.d.ts
=> <inf>/@types/lodash/common/common.d.ts
=> <inf>/@types/lodash/common/array.d.ts
=> <inf>/@types/lodash/common/collection.d.ts
=> <inf>/@types/lodash/common/date.d.ts
=> <inf>/@types/lodash/common/function.d.ts
=> <inf>/@types/lodash/common/lang.d.ts
=> <inf>/@types/lodash/common/math.d.ts
=> <inf>/@types/lodash/common/number.d.ts
=> <inf>/@types/lodash/common/object.d.ts
=> <inf>/@types/lodash/common/seq.d.ts
=> <inf>/@types/lodash/common/string.d.ts
=> <inf>/@types/lodash/common/util.d.ts
=> <inf>/@types/lodash/index.d.ts
=> <inf>/@types/lodash.get/index.d.ts
=> <inf>/@types/semver/index.d.ts
=> <inf>/@types/uuid/interfaces.d.ts
=> <inf>/@types/uuid/index.d.ts
=> <inf>/@types/websocket/index.d.ts
=> <inf>/@types/debug/index.d.ts
=> <inf>/@types/ms/index.d.ts
=> <inf>/@types/mkdirp/index.d.ts
=> <inf>/@types/minimist/index.d.ts
=> <inf>/iconv-lite/lib/index.d.ts
=> <inf>/@types/multiparty/index.d.ts
=> <inf>/safe-buffer/index.d.ts
=> <inf>/@types/ncp/index.d.ts
=> <inf>/source-map/source-map.d.ts
=> <inf>/@types/uglify-js/index.d.ts
=> <inf>/commander/typings/index.d.ts
=> <inf>/@types/minimatch/index.d.ts
=> <inf>/@types/glob/index.d.ts
=> <inf>/@types/once/index.d.ts
=> <inf>/@types/inherits/index.d.ts
=> <inf>/@types/brace-expansion/index.d.ts
=> <inf>/@types/path-is-absolute/index.d.ts
=> <inf>/@types/graceful-fs/index.d.ts
=> <inf>/@types/util-deprecate/index.d.ts
=> <inf>/@types/crc/index.d.ts
=> <inf>/impress/_inferium_gather.ts
=> <inf>/@types/csv-parse/index.d.ts
=> <inf>/@types/iconv-lite/index.d.ts

Resolve accept-language
Resolve bcp47
Resolve stable
Resolve argon2
Resolve 
Resolve any-promise
Resolve bindings
Resolve nan
Resolve concolor
Resolve csv
Resolve csv-generate
Resolve csv-parse
Resolve csv-stringify
Resolve lodash.get
Resolve stream-transform
Resolve globalstorage
Resolve metarhia-common
Resolve metarhia-jstp
Resolve semver
Resolve uuid
Resolve websocket
Resolve debug
Resolve ms
Resolve typedarray-to-buffer
Resolve is-typedarray
Resolve yaeti
Resolve metasync
Resolve metarhia-common
Resolve mkdirp
Resolve minimist
Resolve iconv-lite
Resolve safer-buffer
Resolve metalog
Resolve metarhia-common
Resolve metarhia-common
Resolve metaschema
Resolve metarhia-common
Resolve multiparty
Resolve fd-slicer
Resolve pend
Resolve safe-buffer
Resolve ncp
Resolve sandboxed-fs
Resolve uglify-js
Resolve commander
Resolve source-map
Resolve zip-stream
Resolve archiver-utils
Resolve glob
Resolve fs.realpath
Resolve inflight
Resolve once
Resolve wrappy
Resolve inherits
Resolve minimatch
Resolve brace-expansion
Resolve balanced-match
Resolve concat-map
Resolve path-is-absolute
Resolve graceful-fs
Resolve lazystream
Resolve readable-stream
Resolve core-util-is
Resolve isarray
Resolve process-nextick-args
Resolve util-deprecate
Resolve lodash
Resolve normalize-path
Resolve remove-trailing-separator
Resolve compress-commons
Resolve buffer-crc32
Resolve crc32-stream
Resolve crc
Done.

Write result to /tmp/inferium/result.json
Done.
[info] Loading settings from idea.sbt ...
[info] Loading global plugins from /home/tobi/.sbt/1.0/plugins
[info] Loading settings from plugins.sbt ...
[info] Loading project definition from /home/tobi/workspace/inferium/project
[info] Loading settings from build.sbt ...
[info] Set current project to inferium (in build file:/home/tobi/workspace/inferium/)
[info] Running (fork) inferium.CliMain /tmp/inferium/node_modules/impress /tmp/inferium/result.json
[info] ======= Inferium - Tobias Kahlert ======
[info] MainScript: /tmp/inferium/node_modules/impress
[info] TypesFile:  /tmp/inferium/result.json
[info] ======= Get Prelude ======
[info] Prelude contains following types:
[info] "module", "timers", source-map, "https", "zlib", once, "fs", "assert", "dgram", argon2, "async_hooks", "url", "dns", "http", "string_decoder", bindings, "querystring", "events", commander, websocket, "os", multiparty, uglify-js, "util", minimist, "accept-language", "constants", "punycode", "readline", "perf_hooks", glob, debug, csv-stringify, lodash.get, semver, "buffer", "domain", "tty", csv-parse, "child_process", "crypto", graceful-fs, "inspector", ncp, "stream", crc, any-promise, util-deprecate, brace-expansion, safe-buffer, "process", iconv-lite, inherits, "path", "v8", "http2", "cluster", minimatch, stable, "tls", "net", "safe-buffer", ms, "repl", mkdirp, "console", "vm", lodash, path-is-absolute
[info] ======= Initialize ======
[info] Done.
[info] ======= Analysing =======
[info] Parse module '/tmp/inferium/node_modules/impress/././impress.js'
[info] Done Parsing module.
[info] Parse module '/tmp/inferium/node_modules/impress/./././lib/core.js'
[info] Done Parsing module.
[info] Parse module '/tmp/inferium/node_modules/impress/./././lib/./api.registry.js'
[info] Done Parsing module.
[error] Exception in thread "main" inferium.dataflow.BuildException: (99:2): Internal builder problem: scala.MatchError: escalima.ast.ForInStatement@366ed5c7 (of class escalima.ast.ForInStatement)
[error] 	at inferium.dataflow.BuildException$.enrich(BuildException.scala:35)
[error] 	at inferium.dataflow.GraphBuilder$FunctionBuilder$BlockBuilder.buildStatement(GraphBuilder.scala:731)
[error] 	at inferium.dataflow.GraphBuilder$FunctionBuilder$BlockBuilder.$anonfun$build$3(GraphBuilder.scala:1080)
[error] 	at inferium.dataflow.GraphBuilder$FunctionBuilder$BlockBuilder.$anonfun$build$3$adapted(GraphBuilder.scala:1061)
[error] 	at scala.collection.mutable.ResizableArray.foreach(ResizableArray.scala:59)
[error] 	at scala.collection.mutable.ResizableArray.foreach$(ResizableArray.scala:52)
[error] 	at scala.collection.mutable.ArrayBuffer.foreach(ArrayBuffer.scala:48)
[error] 	at inferium.dataflow.GraphBuilder$FunctionBuilder$BlockBuilder.build(GraphBuilder.scala:1061)
[error] 	at inferium.dataflow.GraphBuilder$FunctionBuilder.buildFunctionBody(GraphBuilder.scala:1167)
[error] 	at inferium.dataflow.GraphBuilder$FunctionBuilder.buildFunction(GraphBuilder.scala:1193)
[error] 	at inferium.dataflow.GraphBuilder$FunctionTemplate.instantiate(GraphBuilder.scala:1227)
[error] 	at inferium.dataflow.graph.traits.Calling.$anonfun$call$3(Calling.scala:64)
[error] 	at scala.collection.mutable.HashMap.getOrElseUpdate(HashMap.scala:82)
[error] 	at inferium.dataflow.graph.traits.Calling.$anonfun$call$2(Calling.scala:57)
[error] 	at inferium.dataflow.graph.traits.Calling.$anonfun$call$2$adapted(Calling.scala:55)
[error] 	at scala.collection.immutable.List.foreach(List.scala:389)
[error] 	at inferium.dataflow.graph.traits.Calling.call(Calling.scala:55)
[error] 	at inferium.dataflow.graph.traits.Calling.call$(Calling.scala:45)
[error] 	at inferium.dataflow.graph.CallNode$calling$.call(CallNode.scala:17)
[error] 	at inferium.dataflow.graph.CallNode$spreading$.onComplete(CallNode.scala:70)
[error] 	at inferium.dataflow.graph.CallNode$spreading$.onComplete(CallNode.scala:61)
[error] 	at inferium.dataflow.graph.traits.Async.complete(Async.scala:9)
[error] 	at inferium.dataflow.graph.traits.Async.complete$(Async.scala:8)
[error] 	at inferium.dataflow.graph.traits.SeqSpreader.complete(SeqSpreader.scala:7)
[error] 	at inferium.dataflow.graph.traits.SeqSpreader.spread(SeqSpreader.scala:21)
[error] 	at inferium.dataflow.graph.CallNode.process(CallNode.scala:58)
[error] 	at inferium.dataflow.NodeModuleAnalysis$CodeAnalysis.run(NodeModuleAnalysis.scala:40)
[error] 	at inferium.dataflow.NodeModuleAnalysis$Module.load(NodeModuleAnalysis.scala:130)
[error] 	at inferium.dataflow.NodeModuleAnalysis.inferium$dataflow$NodeModuleAnalysis$$getModule(NodeModuleAnalysis.scala:167)
[error] 	at inferium.dataflow.NodeModuleAnalysis$CodeAnalysis.$anonfun$requireModule$5(NodeModuleAnalysis.scala:58)
[error] 	at scala.Option.flatMap(Option.scala:171)
[error] 	at inferium.dataflow.NodeModuleAnalysis$CodeAnalysis.$anonfun$requireModule$4(NodeModuleAnalysis.scala:57)
[error] 	at scala.Option.flatMap(Option.scala:171)
[error] 	at inferium.dataflow.NodeModuleAnalysis$CodeAnalysis.$anonfun$requireModule$2(NodeModuleAnalysis.scala:55)
[error] 	at scala.Option.orElse(Option.scala:289)
[error] 	at inferium.dataflow.NodeModuleAnalysis$CodeAnalysis.requireModule(NodeModuleAnalysis.scala:54)
[error] 	at inferium.prelude.NodeBuiltins$.$anonfun$require$3(NodeBuiltins.scala:18)
[error] 	at scala.collection.TraversableLike.$anonfun$map$1(TraversableLike.scala:234)
[error] 	at scala.collection.Iterator.foreach(Iterator.scala:929)
[error] 	at scala.collection.Iterator.foreach$(Iterator.scala:929)
[error] 	at scala.collection.AbstractIterator.foreach(Iterator.scala:1417)
[error] 	at scala.collection.IterableLike.foreach(IterableLike.scala:71)
[error] 	at scala.collection.IterableLike.foreach$(IterableLike.scala:70)
[error] 	at scala.collection.AbstractIterable.foreach(Iterable.scala:54)
[error] 	at scala.collection.TraversableLike.map(TraversableLike.scala:234)
[error] 	at scala.collection.TraversableLike.map$(TraversableLike.scala:227)
[error] 	at scala.collection.AbstractTraversable.map(Traversable.scala:104)
[error] 	at inferium.prelude.NodeBuiltins$.$anonfun$require$1(NodeBuiltins.scala:16)
[error] 	at inferium.dataflow.calls.NativeCall$$anon$1$$anon$2.call(NativeCall.scala:21)
[error] 	at inferium.dataflow.graph.traits.Calling.$anonfun$call$2(Calling.scala:68)
[error] 	at inferium.dataflow.graph.traits.Calling.$anonfun$call$2$adapted(Calling.scala:55)
[error] 	at scala.collection.immutable.List.foreach(List.scala:389)
[error] 	at inferium.dataflow.graph.traits.Calling.call(Calling.scala:55)
[error] 	at inferium.dataflow.graph.traits.Calling.call$(Calling.scala:45)
[error] 	at inferium.dataflow.graph.CallNode$calling$.call(CallNode.scala:17)
[error] 	at inferium.dataflow.graph.CallNode$spreading$.onComplete(CallNode.scala:70)
[error] 	at inferium.dataflow.graph.CallNode$spreading$.onComplete(CallNode.scala:61)
[error] 	at inferium.dataflow.graph.traits.Async.complete(Async.scala:9)
[error] 	at inferium.dataflow.graph.traits.Async.complete$(Async.scala:8)
[error] 	at inferium.dataflow.graph.traits.SeqSpreader.complete(SeqSpreader.scala:7)
[error] 	at inferium.dataflow.graph.traits.SeqSpreader.spread(SeqSpreader.scala:21)
[error] 	at inferium.dataflow.graph.CallNode.process(CallNode.scala:58)
[error] 	at inferium.dataflow.NodeModuleAnalysis$CodeAnalysis.run(NodeModuleAnalysis.scala:40)
[error] 	at inferium.dataflow.NodeModuleAnalysis$Module.load(NodeModuleAnalysis.scala:130)
[error] 	at inferium.dataflow.NodeModuleAnalysis.inferium$dataflow$NodeModuleAnalysis$$getModule(NodeModuleAnalysis.scala:167)
[error] 	at inferium.dataflow.NodeModuleAnalysis$CodeAnalysis.$anonfun$requireModule$5(NodeModuleAnalysis.scala:58)
[error] 	at scala.Option.flatMap(Option.scala:171)
[error] 	at inferium.dataflow.NodeModuleAnalysis$CodeAnalysis.$anonfun$requireModule$4(NodeModuleAnalysis.scala:57)
[error] 	at scala.Option.flatMap(Option.scala:171)
[error] 	at inferium.dataflow.NodeModuleAnalysis$CodeAnalysis.$anonfun$requireModule$2(NodeModuleAnalysis.scala:55)
[error] 	at scala.Option.orElse(Option.scala:289)
[error] 	at inferium.dataflow.NodeModuleAnalysis$CodeAnalysis.requireModule(NodeModuleAnalysis.scala:54)
[error] 	at inferium.prelude.NodeBuiltins$.$anonfun$require$3(NodeBuiltins.scala:18)
[error] 	at scala.collection.TraversableLike.$anonfun$map$1(TraversableLike.scala:234)
[error] 	at scala.collection.Iterator.foreach(Iterator.scala:929)
[error] 	at scala.collection.Iterator.foreach$(Iterator.scala:929)
[error] 	at scala.collection.AbstractIterator.foreach(Iterator.scala:1417)
[error] 	at scala.collection.IterableLike.foreach(IterableLike.scala:71)
[error] 	at scala.collection.IterableLike.foreach$(IterableLike.scala:70)
[error] 	at scala.collection.AbstractIterable.foreach(Iterable.scala:54)
[error] 	at scala.collection.TraversableLike.map(TraversableLike.scala:234)
[error] 	at scala.collection.TraversableLike.map$(TraversableLike.scala:227)
[error] 	at scala.collection.AbstractTraversable.map(Traversable.scala:104)
[error] 	at inferium.prelude.NodeBuiltins$.$anonfun$require$1(NodeBuiltins.scala:16)
[error] 	at inferium.dataflow.calls.NativeCall$$anon$1$$anon$2.call(NativeCall.scala:21)
[error] 	at inferium.dataflow.graph.traits.Calling.$anonfun$call$2(Calling.scala:68)
[error] 	at inferium.dataflow.graph.traits.Calling.$anonfun$call$2$adapted(Calling.scala:55)
[error] 	at scala.collection.immutable.List.foreach(List.scala:389)
[error] 	at inferium.dataflow.graph.traits.Calling.call(Calling.scala:55)
[error] 	at inferium.dataflow.graph.traits.Calling.call$(Calling.scala:45)
[error] 	at inferium.dataflow.graph.CallNode$calling$.call(CallNode.scala:17)
[error] 	at inferium.dataflow.graph.CallNode$spreading$.onComplete(CallNode.scala:70)
[error] 	at inferium.dataflow.graph.CallNode$spreading$.onComplete(CallNode.scala:61)
[error] 	at inferium.dataflow.graph.traits.Async.complete(Async.scala:9)
[error] 	at inferium.dataflow.graph.traits.Async.complete$(Async.scala:8)
[error] 	at inferium.dataflow.graph.traits.SeqSpreader.complete(SeqSpreader.scala:7)
[error] 	at inferium.dataflow.graph.traits.SeqSpreader.spread(SeqSpreader.scala:21)
[error] 	at inferium.dataflow.graph.CallNode.process(CallNode.scala:58)
[error] 	at inferium.dataflow.NodeModuleAnalysis$CodeAnalysis.run(NodeModuleAnalysis.scala:40)
[error] 	at inferium.dataflow.NodeModuleAnalysis$Module.load(NodeModuleAnalysis.scala:130)
[error] 	at inferium.dataflow.NodeModuleAnalysis.inferium$dataflow$NodeModuleAnalysis$$getModule(NodeModuleAnalysis.scala:167)
[error] 	at inferium.dataflow.NodeModuleAnalysis.runAnalysis(NodeModuleAnalysis.scala:179)
[error] 	at inferium.CliMain$.main(CliMain.scala:124)
[error] 	at inferium.CliMain.main(CliMain.scala)
[error] Caused by: scala.MatchError: escalima.ast.ForInStatement@366ed5c7 (of class escalima.ast.ForInStatement)
[error] 	at inferium.dataflow.GraphBuilder$FunctionBuilder$BlockBuilder.$anonfun$buildStatement$1(GraphBuilder.scala:1032)
[error] 	at inferium.dataflow.BuildException$.enrich(BuildException.scala:28)
[error] 	... 103 more
[error] java.lang.RuntimeException: Nonzero exit code returned from runner: 1
[error] 	at sbt.ForkRun.processExitCode$1(Run.scala:33)
[error] 	at sbt.ForkRun.run(Run.scala:42)
[error] 	at sbt.Defaults$.$anonfun$bgRunTask$5(Defaults.scala:1172)
[error] 	at sbt.Defaults$.$anonfun$bgRunTask$5$adapted(Defaults.scala:1167)
[error] 	at sbt.internal.BackgroundThreadPool.$anonfun$run$1(DefaultBackgroundJobService.scala:366)
[error] 	at scala.runtime.java8.JFunction0$mcV$sp.apply(JFunction0$mcV$sp.java:12)
[error] 	at scala.util.Try$.apply(Try.scala:209)
[error] 	at sbt.internal.BackgroundThreadPool$BackgroundRunnable.run(DefaultBackgroundJobService.scala:289)
[error] 	at java.util.concurrent.ThreadPoolExecutor.runWorker(ThreadPoolExecutor.java:1149)
[error] 	at java.util.concurrent.ThreadPoolExecutor$Worker.run(ThreadPoolExecutor.java:624)
[error] 	at java.lang.Thread.run(Thread.java:748)
[error] (cli / Compile / run) Nonzero exit code returned from runner: 1
[error] Total time: 4 s, completed Jul 29, 2018 7:49:21 PM
