
> ts-reader@1.0.0 build /home/tobi/workspace/inferium/extras/ts-reader
> tsc -p .

Install utils-merge into /tmp/inferium
Done.

Search types...
Look into <inf>/utils-merge
Force installation of node types...
Install types for node
Done.

Gather types...
File: <inf>/utils-merge/_inferium_gather.ts
Gather types for 0 packages:
=>  

Write gather file
Done.

Analyse program
Done.

global: global
imported: 
ambient modules: "inspector", "buffer", "querystring", "events", "http", "cluster", "zlib", "os", "https", "punycode", "repl", "readline", "vm", "child_process", "url", "dns", "net", "dgram", "fs", "path", "string_decoder", "tls", "crypto", "stream", "util", "assert", "tty", "domain", "constants", "module", "process", "v8", "timers", "console", "async_hooks", "http2", "perf_hooks"

Incorporated files:
=> <org>/extras/ts-reader/node_modules/typescript/lib/lib.d.ts
=> <inf>/utils-merge/_inferium_gather.ts
=> <inf>/@types/node/inspector.d.ts
=> <inf>/@types/node/index.d.ts

Done.

Write result to /tmp/inferium/result.json
Done.
[info] Loading settings from idea.sbt ...
[info] Loading global plugins from /home/tobi/.sbt/1.0/plugins
[info] Loading settings from plugins.sbt ...
[info] Loading project definition from /home/tobi/workspace/inferium/project
[info] Loading settings from build.sbt ...
[info] Set current project to inferium (in build file:/home/tobi/workspace/inferium/)
[info] Running (fork) inferium.CliMain /tmp/inferium/node_modules/utils-merge /tmp/inferium/result.json
[info] ======= Inferium - Tobias Kahlert ======
[info] MainScript: /tmp/inferium/node_modules/utils-merge
[info] TypesFile:  /tmp/inferium/result.json
[info] ======= Get Prelude ======
[info] Prelude contains following types:
[info] "module", "timers", "https", "zlib", "fs", "assert", "dgram", "async_hooks", "url", "dns", "http", "string_decoder", "querystring", "events", "os", "util", "constants", "punycode", "readline", "perf_hooks", "buffer", "domain", "tty", "child_process", "crypto", "inspector", "stream", "process", "path", "v8", "http2", "cluster", "tls", "net", "repl", "console", "vm"
[info] ======= Initialize ======
[info] Done.
[info] ======= Analysing =======
[info] Parse module '/tmp/inferium/node_modules/utils-merge/././index.js'
[info] Done Parsing module.
[info] Found None
[error] Exception in thread "main" inferium.dataflow.BuildException: (18:4): Internal builder problem: scala.MatchError: escalima.ast.ForInStatement@4ef0bc5b (of class escalima.ast.ForInStatement)
[error] 	at inferium.dataflow.BuildException$.enrich(BuildException.scala:35)
[error] 	at inferium.dataflow.GraphBuilder$FunctionBuilder$BlockBuilder.buildStatement(GraphBuilder.scala:731)
[error] 	at inferium.dataflow.GraphBuilder$FunctionBuilder$BlockBuilder.$anonfun$build$3(GraphBuilder.scala:1080)
[error] 	at inferium.dataflow.GraphBuilder$FunctionBuilder$BlockBuilder.$anonfun$build$3$adapted(GraphBuilder.scala:1061)
[error] 	at scala.collection.mutable.ResizableArray.foreach(ResizableArray.scala:59)
[error] 	at scala.collection.mutable.ResizableArray.foreach$(ResizableArray.scala:52)
[error] 	at scala.collection.mutable.ArrayBuffer.foreach(ArrayBuffer.scala:48)
[error] 	at inferium.dataflow.GraphBuilder$FunctionBuilder$BlockBuilder.build(GraphBuilder.scala:1061)
[error] 	at inferium.dataflow.GraphBuilder$FunctionBuilder$BlockBuilder.buildInnerBlock(GraphBuilder.scala:1042)
[error] 	at inferium.dataflow.GraphBuilder$FunctionBuilder$BlockBuilder.$anonfun$buildStatement$1(GraphBuilder.scala:799)
[error] 	at inferium.dataflow.BuildException$.enrich(BuildException.scala:28)
[error] 	at inferium.dataflow.GraphBuilder$FunctionBuilder$BlockBuilder.buildStatement(GraphBuilder.scala:731)
[error] 	at inferium.dataflow.GraphBuilder$FunctionBuilder$BlockBuilder.$anonfun$build$3(GraphBuilder.scala:1080)
[error] 	at inferium.dataflow.GraphBuilder$FunctionBuilder$BlockBuilder.$anonfun$build$3$adapted(GraphBuilder.scala:1061)
[error] 	at scala.collection.immutable.List.foreach(List.scala:389)
[error] 	at inferium.dataflow.GraphBuilder$FunctionBuilder$BlockBuilder.build(GraphBuilder.scala:1061)
[error] 	at inferium.dataflow.GraphBuilder$FunctionBuilder$BlockBuilder.buildInnerBlock(GraphBuilder.scala:1042)
[error] 	at inferium.dataflow.GraphBuilder$FunctionBuilder$BlockBuilder.$anonfun$buildStatement$1(GraphBuilder.scala:861)
[error] 	at inferium.dataflow.BuildException$.enrich(BuildException.scala:28)
[error] 	at inferium.dataflow.GraphBuilder$FunctionBuilder$BlockBuilder.buildStatement(GraphBuilder.scala:731)
[error] 	at inferium.dataflow.GraphBuilder$FunctionBuilder$BlockBuilder.$anonfun$build$3(GraphBuilder.scala:1080)
[error] 	at inferium.dataflow.GraphBuilder$FunctionBuilder$BlockBuilder.$anonfun$build$3$adapted(GraphBuilder.scala:1061)
[error] 	at scala.collection.mutable.ResizableArray.foreach(ResizableArray.scala:59)
[error] 	at scala.collection.mutable.ResizableArray.foreach$(ResizableArray.scala:52)
[error] 	at scala.collection.mutable.ArrayBuffer.foreach(ArrayBuffer.scala:48)
[error] 	at inferium.dataflow.GraphBuilder$FunctionBuilder$BlockBuilder.build(GraphBuilder.scala:1061)
[error] 	at inferium.dataflow.GraphBuilder$FunctionBuilder.buildFunctionBody(GraphBuilder.scala:1167)
[error] 	at inferium.dataflow.GraphBuilder$FunctionBuilder.buildFunctionAsScript(GraphBuilder.scala:1181)
[error] 	at inferium.dataflow.GraphBuilder$FunctionTemplate.asAnalysable(GraphBuilder.scala:1216)
[error] 	at inferium.dataflow.NodeModuleAnalysis$FunctionAnalyser.<init>(NodeModuleAnalysis.scala:73)
[error] 	at inferium.dataflow.NodeModuleAnalysis$Inspector.$anonfun$inspectObject$1(NodeModuleAnalysis.scala:255)
[error] 	at scala.collection.mutable.HashMap.getOrElseUpdate(HashMap.scala:82)
[error] 	at inferium.dataflow.NodeModuleAnalysis$Inspector.inspectObject(NodeModuleAnalysis.scala:252)
[error] 	at inferium.dataflow.NodeModuleAnalysis$Inspector.inspectEntity(NodeModuleAnalysis.scala:229)
[error] 	at inferium.dataflow.NodeModuleAnalysis.runAnalysis(NodeModuleAnalysis.scala:186)
[error] 	at inferium.CliMain$.main(CliMain.scala:124)
[error] 	at inferium.CliMain.main(CliMain.scala)
[error] Caused by: scala.MatchError: escalima.ast.ForInStatement@4ef0bc5b (of class escalima.ast.ForInStatement)
[error] 	at inferium.dataflow.GraphBuilder$FunctionBuilder$BlockBuilder.$anonfun$buildStatement$1(GraphBuilder.scala:1032)
[error] 	at inferium.dataflow.BuildException$.enrich(BuildException.scala:28)
[error] 	... 36 more
[error] java.lang.RuntimeException: Nonzero exit code returned from runner: 1
[error] 	at sbt.ForkRun.processExitCode$1(Run.scala:33)
[error] 	at sbt.ForkRun.run(Run.scala:42)
[error] 	at sbt.Defaults$.$anonfun$bgRunTask$5(Defaults.scala:1172)
[error] 	at sbt.Defaults$.$anonfun$bgRunTask$5$adapted(Defaults.scala:1167)
[error] 	at sbt.internal.BackgroundThreadPool.$anonfun$run$1(DefaultBackgroundJobService.scala:366)
[error] 	at scala.runtime.java8.JFunction0$mcV$sp.apply(JFunction0$mcV$sp.java:12)
[error] 	at scala.util.Try$.apply(Try.scala:209)
[error] 	at sbt.internal.BackgroundThreadPool$BackgroundRunnable.run(DefaultBackgroundJobService.scala:289)
[error] 	at java.util.concurrent.ThreadPoolExecutor.runWorker(ThreadPoolExecutor.java:1149)
[error] 	at java.util.concurrent.ThreadPoolExecutor$Worker.run(ThreadPoolExecutor.java:624)
[error] 	at java.lang.Thread.run(Thread.java:748)
[error] (cli / Compile / run) Nonzero exit code returned from runner: 1
[error] Total time: 3 s, completed Jul 29, 2018 7:50:52 PM
