
> ts-reader@1.0.0 build /home/tobi/workspace/inferium/extras/ts-reader
> tsc -p .

Install lodash.iteratee into /tmp/inferium
Done.

Search types...
Look into <inf>/lodash.iteratee
Force installation of node types...
Install types for node
Done.

Gather types...
File: <inf>/lodash.iteratee/_inferium_gather.ts
Gather types for 0 packages:
=>  

Write gather file
Done.

Analyse program
Done.

global: global
imported: 
ambient modules: "inspector", "buffer", "querystring", "events", "http", "cluster", "zlib", "os", "https", "punycode", "repl", "readline", "vm", "child_process", "url", "dns", "net", "dgram", "fs", "path", "string_decoder", "tls", "crypto", "stream", "util", "assert", "tty", "domain", "constants", "module", "process", "v8", "timers", "console", "async_hooks", "http2", "perf_hooks"

Incorporated files:
=> <org>/extras/ts-reader/node_modules/typescript/lib/lib.d.ts
=> <inf>/lodash.iteratee/_inferium_gather.ts
=> <inf>/@types/node/inspector.d.ts
=> <inf>/@types/node/index.d.ts

Done.

Write result to /tmp/inferium/result.json
Done.
[info] Loading settings from idea.sbt ...
[info] Loading global plugins from /home/tobi/.sbt/1.0/plugins
[info] Loading settings from plugins.sbt ...
[info] Loading project definition from /home/tobi/workspace/inferium/project
[info] Loading settings from build.sbt ...
[info] Set current project to inferium (in build file:/home/tobi/workspace/inferium/)
[info] Running (fork) inferium.CliMain /tmp/inferium/node_modules/lodash.iteratee /tmp/inferium/result.json
[info] ======= Inferium - Tobias Kahlert ======
[info] MainScript: /tmp/inferium/node_modules/lodash.iteratee
[info] TypesFile:  /tmp/inferium/result.json
[info] ======= Get Prelude ======
[info] Prelude contains following types:
[info] "module", "timers", "https", "zlib", "fs", "assert", "dgram", "async_hooks", "url", "dns", "http", "string_decoder", "querystring", "events", "os", "util", "constants", "punycode", "readline", "perf_hooks", "buffer", "domain", "tty", "child_process", "crypto", "inspector", "stream", "process", "path", "v8", "http2", "cluster", "tls", "net", "repl", "console", "vm"
[info] ======= Initialize ======
[info] Done.
[info] ======= Analysing =======
[info] Parse module '/tmp/inferium/node_modules/lodash.iteratee/./index.js'
[info] Done Parsing module.
[info] Found Some(iteratee)
[info] Round 0
[info] Analyse Some(iteratee)
[error] Exception in thread "main" java.lang.AssertionError: assertion failed
[error] 	at scala.Predef$.assert(Predef.scala:204)
[error] 	at inferium.lattice.heaps.HeapImmutables$HeapMutatorImplementation.setValue(HeapImmutables.scala:481)
[error] 	at inferium.dataflow.graph.traits.HeapWriting.write(HeapWriting.scala:29)
[error] 	at inferium.dataflow.graph.traits.HeapWriting.write$(HeapWriting.scala:14)
[error] 	at inferium.dataflow.graph.LexicalWriteNode.write(LexicalWriteNode.scala:7)
[error] 	at inferium.dataflow.graph.LexicalWriteNode.transform(LexicalWriteNode.scala:17)
[error] 	at inferium.dataflow.graph.traits.FailingTransformerNode.process(FailingTransformerNode.scala:11)
[error] 	at inferium.dataflow.NodeModuleAnalysis$CodeAnalysis.run(NodeModuleAnalysis.scala:40)
[error] 	at inferium.dataflow.NodeModuleAnalysis$FunctionAnalyser.run(NodeModuleAnalysis.scala:93)
[error] 	at inferium.dataflow.NodeModuleAnalysis.$anonfun$analyseFunctions$1(NodeModuleAnalysis.scala:208)
[error] 	at inferium.dataflow.NodeModuleAnalysis.$anonfun$analyseFunctions$1$adapted(NodeModuleAnalysis.scala:207)
[error] 	at scala.collection.immutable.List.foreach(List.scala:389)
[error] 	at scala.collection.generic.TraversableForwarder.foreach(TraversableForwarder.scala:35)
[error] 	at scala.collection.generic.TraversableForwarder.foreach$(TraversableForwarder.scala:35)
[error] 	at scala.collection.mutable.ListBuffer.foreach(ListBuffer.scala:44)
[error] 	at inferium.dataflow.NodeModuleAnalysis.analyseFunctions(NodeModuleAnalysis.scala:207)
[error] 	at inferium.dataflow.NodeModuleAnalysis.runAnalysis(NodeModuleAnalysis.scala:193)
[error] 	at inferium.CliMain$.main(CliMain.scala:124)
[error] 	at inferium.CliMain.main(CliMain.scala)
[error] java.lang.RuntimeException: Nonzero exit code returned from runner: 1
[error] 	at sbt.ForkRun.processExitCode$1(Run.scala:33)
[error] 	at sbt.ForkRun.run(Run.scala:42)
[error] 	at sbt.Defaults$.$anonfun$bgRunTask$5(Defaults.scala:1172)
[error] 	at sbt.Defaults$.$anonfun$bgRunTask$5$adapted(Defaults.scala:1167)
[error] 	at sbt.internal.BackgroundThreadPool.$anonfun$run$1(DefaultBackgroundJobService.scala:366)
[error] 	at scala.runtime.java8.JFunction0$mcV$sp.apply(JFunction0$mcV$sp.java:12)
[error] 	at scala.util.Try$.apply(Try.scala:209)
[error] 	at sbt.internal.BackgroundThreadPool$BackgroundRunnable.run(DefaultBackgroundJobService.scala:289)
[error] 	at java.util.concurrent.ThreadPoolExecutor.runWorker(ThreadPoolExecutor.java:1149)
[error] 	at java.util.concurrent.ThreadPoolExecutor$Worker.run(ThreadPoolExecutor.java:624)
[error] 	at java.lang.Thread.run(Thread.java:748)
[error] (cli / Compile / run) Nonzero exit code returned from runner: 1
[error] Total time: 5 s, completed Jul 29, 2018 7:38:49 PM
